Arguments: 
  /usr/bin/node /usr/share/yarn/bin/yarn.js install

PATH: 
  /home/lukatoni/Android/Sdk/emulator:/home/lukatoni/Android/Sdk/tools:/home/lukatoni/Android/Sdk/tools/bin:/home/lukatoni/Android/Sdk/platform-tools:/usr/local/sbin:/usr/local/bin:/usr/sbin:/usr/bin:/sbin:/bin:/usr/games:/usr/local/games:/mnt/c/Python27/:/mnt/c/Python27/Scripts:/mnt/c/WINDOWS/system32:/mnt/c/WINDOWS:/mnt/c/WINDOWS/System32/Wbem:/mnt/c/WINDOWS/System32/WindowsPowerShell/v1.0/:/mnt/c/WINDOWS/System32/OpenSSH/:/mnt/c/Program Files/Docker/Docker/resources/bin:/mnt/c/ProgramData/DockerDesktop/version-bin:/mnt/c/Program Files/Git/cmd:/mnt/c/Users/Edmond Marfo/AppData/Local/Android/Sdk/platform-tools:/mnt/c/Users/Edmond Marfo/AppData/Local/Android/Sdk/emulator:/mnt/c/ProgramData/chocolatey/bin:/mnt/c/Program Files/nodejs/:/mnt/c/Program Files/Java/jdk1.8.0_211/bin:/mnt/c/Users/Edmond Marfo/AppData/Local/Microsoft/WindowsApps:/mnt/c/Users/Edmond Marfo/AppData/Local/Programs/Microsoft VS Code/bin:/mnt/c/Users/Edmond Marfo/AppData/Roaming/npm:/snap/bin:/home/lukatoni/Android/Sdk/platform-tools/

Yarn version: 
  1.22.5

Node version: 
  14.16.1

Platform: 
  linux x64

Trace: 
  SyntaxError: /home/lukatoni/.cache/yarn/v6/npm-metro-0.59.0-64a87cd61357814a4f279518e0781b1eab5934b8-integrity/node_modules/metro/.yarn-metadata.json: Unexpected end of JSON input
      at JSON.parse (<anonymous>)
      at /usr/share/yarn/lib/cli.js:1625:59
      at Generator.next (<anonymous>)
      at step (/usr/share/yarn/lib/cli.js:310:30)
      at /usr/share/yarn/lib/cli.js:321:13

npm manifest: 
  {
    "main": "node_modules/expo/AppEntry.js",
    "scripts": {
      "start": "expo start",
      "android": "expo start --android",
      "ios": "expo start --ios",
      "web": "expo start --web",
      "eject": "expo eject"
    },
    "dependencies": {
      "expo": "~41.0.1",
      "expo-status-bar": "~1.0.4",
      "react": "16.13.1",
      "react-dom": "16.13.1",
      "react-native": "https://github.com/expo/react-native/archive/sdk-41.0.0.tar.gz",
      "react-native-web": "~0.13.12"
    },
    "devDependencies": {
      "@babel/core": "^7.9.0"
    },
    "private": true
  }

yarn manifest: 
  No manifest

Lockfile: 
  No lockfile
